[2025-06-24 13:26:26] user123 - Klik Tombol Bayar @ http://localhost:4850/#/tables
[2025-06-24 15:16:38] 1 - Klik Tombol Bayar @ http://localhost:4850/#/tables
[2025-06-24 15:17:37] IT(1) - Klik Tombol Bayar @ http://localhost:4850/#/tables
[2025-06-24 15:23:12] IT(1) - Click reload @ http://localhost:4850/#/tables
[2025-06-24 15:23:14] IT(1) - click setting @ http://localhost:4850/#/tables
[2025-06-24 15:23:16] IT(1) - items @ http://localhost:4850/#/tables
[2025-06-24 15:23:18] IT(1) - modalSwitchOutlet @ http://localhost:4850/#/tables
[2025-06-24 15:24:55] IT(1) - dailyClose @ http://localhost:4850/#/tables
[2025-06-24 15:25:32] IT(1) - popup dailyClose @ http://localhost:4850/#/tables
[2025-06-24 15:33:34] IT(1) - please close all tables! @ http://localhost:4850/#/tables
[2025-06-24 15:33:34] IT(1) - popup dailyClose @ http://localhost:4850/#/tables
[2025-06-24 15:33:47] IT(1) - Daily Close ? @ http://localhost:4850/#/tables
[2025-06-24 15:33:47] IT(1) - popup dailyClose @ http://localhost:4850/#/tables
[2025-06-24 15:34:50] IT(1) - Daily Close ? @ http://localhost:4850/#/tables
[2025-06-24 15:34:50] IT(1) - popup dailyClose @ http://localhost:4850/#/tables
[2025-06-24 15:34:51] IT(1) - Daily Close -> YES @ http://localhost:4850/#/tables
[2025-06-24 15:35:31] IT(1) - click daily/cashBalance @ http://localhost:4850/#/tables
[2025-06-24 15:35:46] IT(1) - modalSwitchOutlet @ http://localhost:4850/#/tables
[2025-06-24 15:35:48] IT(1) - click setting @ http://localhost:4850/#/tables
[2025-06-24 15:39:09] IT(1) - click transaction @ http://localhost:4850/#/tables
[2025-06-24 15:45:06] IT(1) - items @ http://localhost:4850/#/tables
