[2025-07-02 11:16:14] IT(1) - items @ http://localhost:4850/#/tables
[2025-07-02 11:30:53] IT(1) - items @ http://localhost:4850/#/tables
[2025-07-02 11:52:27] IT(1) - items @ http://localhost:4850/#/tables
[2025-07-02 12:02:31] IT(1) - items @ http://localhost:4850/#/tables
[2025-07-02 12:02:57] IT(1) - items @ http://localhost:4850/#/tables
[2025-07-02 12:30:20] IT(1) - items @ http://localhost:4850/#/tables
[2025-07-02 12:35:10] IT(1) - click transaction @ http://localhost:4850/#/tables
[2025-07-02 12:58:54] IT(1) - popup dailyClose @ http://localhost:4850/#/tables
[2025-07-02 12:58:54] IT(1) - please close all tables! @ http://localhost:4850/#/tables
[2025-07-02 12:58:57] IT(1) - please close all tables! @ http://localhost:4850/#/tables
[2025-07-02 12:58:57] IT(1) - popup dailyClose @ http://localhost:4850/#/tables
[2025-07-02 13:53:28] IT(1) - click transaction @ http://localhost:4850/#/tables
[2025-07-02 13:55:10] IT(1) - click transaction @ http://localhost:4850/#/tables
[2025-07-02 15:03:03] IT(1) - logOff @ http://localhost:4850/#/tables
[2025-07-02 15:40:13] IT(undefined) - please close all tables! @ http://localhost:4850/#/tables
[2025-07-02 15:40:13] IT(undefined) - popup dailyClose @ http://localhost:4850/#/tables
[2025-07-02 15:40:28] IT(undefined) - please close all tables! @ http://localhost:4850/#/tables
[2025-07-02 15:40:28] IT(undefined) - popup dailyClose @ http://localhost:4850/#/tables
[2025-07-02 15:41:09] IT(undefined) - please close all tables! @ http://localhost:4850/#/tables
[2025-07-02 15:41:09] IT(undefined) - popup dailyClose @ http://localhost:4850/#/tables
[2025-07-02 15:41:52] IT(undefined) - please close all tables! @ http://localhost:4850/#/tables
[2025-07-02 15:41:52] IT(undefined) - popup dailyClose @ http://localhost:4850/#/tables
[2025-07-02 15:42:16] IT(undefined) - please close all tables! @ http://localhost:4850/#/tables
[2025-07-02 15:51:56] IT(undefined) - items @ http://localhost:4850/#/tables
[2025-07-02 16:00:31] IT(undefined) - click transaction @ http://localhost:4850/#/tables
[2025-07-02 16:02:08] IT(undefined) - items @ http://localhost:4850/#/tables
[2025-07-02 16:18:30] IT(undefined) - click transaction @ http://localhost:4850/#/tables
